c:\ds2014\release\vc140.pdb
c:\ds2014\release\vmthooks.obj
c:\ds2014\release\players.obj
c:\ds2014\release\cbaseapi.obj
c:\ds2014\release\panels.obj
c:\ds2014\release\esp.obj
c:\ds2014\release\dllmain.obj
c:\ds2014\release\client.obj
c:\ds2014\release\cdrawmanager.obj
c:\ds2014\release\cglobalvars.obj
c:\users\joshua\desktop\f1\release\vc140.pdb
c:\users\joshua\desktop\f1\release\vmthooks.obj
c:\ds2014\release\basehook.dll
c:\ds2014\release\basehook.pdb
c:\users\joshua\desktop\f1\release\nativecodeanalysis.read.1.tlog
c:\users\joshua\desktop\f1\release\basehook.pdb
c:\users\joshua\desktop\f1\release\settings.xml
c:\users\joshua\desktop\f1\release\vc.nativecodeanalysis.all.xml
c:\users\joshua\desktop\f1\release\basehook.dll
c:\users\joshua\desktop\f1\release\basehook.dll.lastcodeanalysissucceeded
c:\users\joshua\desktop\f1\release\darkstorm base.tlog\cl.command.1.tlog
c:\users\joshua\desktop\f1\release\darkstorm base.tlog\cl.read.1.tlog
c:\users\joshua\desktop\f1\release\darkstorm base.tlog\cl.write.1.tlog
c:\users\joshua\desktop\f1\release\darkstorm base.tlog\link.command.1.tlog
c:\users\joshua\desktop\f1\release\darkstorm base.tlog\link.read.1.tlog
c:\users\joshua\desktop\f1\release\darkstorm base.tlog\link.write.1.tlog
